  Determining projects to restore...
/mnt/cea0b7f8-1920-4cdd-acfa-2a7bb8dd8960/programing/StoryBrew-NG/StoryBrew.Desktop/StoryBrew.Desktop.csproj : warning NU1903: Package 'System.Net.Security' 4.3.0 has a known high severity vulnerability, https://github.com/advisories/GHSA-6xh7-4v2w-36q6 [/mnt/cea0b7f8-1920-4cdd-acfa-2a7bb8dd8960/programing/StoryBrew-NG/StoryBrew.sln]
/mnt/cea0b7f8-1920-4cdd-acfa-2a7bb8dd8960/programing/StoryBrew-NG/StoryBrew.Desktop/StoryBrew.Desktop.csproj : warning NU1902: Package 'System.Net.Security' 4.3.0 has a known moderate severity vulnerability, https://github.com/advisories/GHSA-ch6p-4jcm-h8vh [/mnt/cea0b7f8-1920-4cdd-acfa-2a7bb8dd8960/programing/StoryBrew-NG/StoryBrew.sln]
/mnt/cea0b7f8-1920-4cdd-acfa-2a7bb8dd8960/programing/StoryBrew-NG/StoryBrew.Desktop/StoryBrew.Desktop.csproj : warning NU1902: Package 'System.Net.Security' 4.3.0 has a known moderate severity vulnerability, https://github.com/advisories/GHSA-j8f4-2w4p-mhjc [/mnt/cea0b7f8-1920-4cdd-acfa-2a7bb8dd8960/programing/StoryBrew-NG/StoryBrew.sln]
/mnt/cea0b7f8-1920-4cdd-acfa-2a7bb8dd8960/programing/StoryBrew-NG/StoryBrew.Desktop/StoryBrew.Desktop.csproj : warning NU1903: Package 'System.Net.Security' 4.3.0 has a known high severity vulnerability, https://github.com/advisories/GHSA-qhqf-ghgh-x2m4 [/mnt/cea0b7f8-1920-4cdd-acfa-2a7bb8dd8960/programing/StoryBrew-NG/StoryBrew.sln]
/mnt/cea0b7f8-1920-4cdd-acfa-2a7bb8dd8960/programing/StoryBrew-NG/StoryBrew.Game.Tests/StoryBrew.Game.Tests.csproj : warning NU1903: Package 'System.Net.Security' 4.3.0 has a known high severity vulnerability, https://github.com/advisories/GHSA-6xh7-4v2w-36q6 [/mnt/cea0b7f8-1920-4cdd-acfa-2a7bb8dd8960/programing/StoryBrew-NG/StoryBrew.sln]
/mnt/cea0b7f8-1920-4cdd-acfa-2a7bb8dd8960/programing/StoryBrew-NG/StoryBrew.Game/StoryBrew.Game.csproj : warning NU1903: Package 'System.Net.Security' 4.3.0 has a known high severity vulnerability, https://github.com/advisories/GHSA-6xh7-4v2w-36q6 [/mnt/cea0b7f8-1920-4cdd-acfa-2a7bb8dd8960/programing/StoryBrew-NG/StoryBrew.sln]
/mnt/cea0b7f8-1920-4cdd-acfa-2a7bb8dd8960/programing/StoryBrew-NG/StoryBrew.Game/StoryBrew.Game.csproj : warning NU1902: Package 'System.Net.Security' 4.3.0 has a known moderate severity vulnerability, https://github.com/advisories/GHSA-ch6p-4jcm-h8vh [/mnt/cea0b7f8-1920-4cdd-acfa-2a7bb8dd8960/programing/StoryBrew-NG/StoryBrew.sln]
/mnt/cea0b7f8-1920-4cdd-acfa-2a7bb8dd8960/programing/StoryBrew-NG/StoryBrew.Game/StoryBrew.Game.csproj : warning NU1902: Package 'System.Net.Security' 4.3.0 has a known moderate severity vulnerability, https://github.com/advisories/GHSA-j8f4-2w4p-mhjc [/mnt/cea0b7f8-1920-4cdd-acfa-2a7bb8dd8960/programing/StoryBrew-NG/StoryBrew.sln]
/mnt/cea0b7f8-1920-4cdd-acfa-2a7bb8dd8960/programing/StoryBrew-NG/StoryBrew.Game/StoryBrew.Game.csproj : warning NU1903: Package 'System.Net.Security' 4.3.0 has a known high severity vulnerability, https://github.com/advisories/GHSA-qhqf-ghgh-x2m4 [/mnt/cea0b7f8-1920-4cdd-acfa-2a7bb8dd8960/programing/StoryBrew-NG/StoryBrew.sln]
/mnt/cea0b7f8-1920-4cdd-acfa-2a7bb8dd8960/programing/StoryBrew-NG/StoryBrew.Game.Tests/StoryBrew.Game.Tests.csproj : warning NU1902: Package 'System.Net.Security' 4.3.0 has a known moderate severity vulnerability, https://github.com/advisories/GHSA-ch6p-4jcm-h8vh [/mnt/cea0b7f8-1920-4cdd-acfa-2a7bb8dd8960/programing/StoryBrew-NG/StoryBrew.sln]
/mnt/cea0b7f8-1920-4cdd-acfa-2a7bb8dd8960/programing/StoryBrew-NG/StoryBrew.Game.Tests/StoryBrew.Game.Tests.csproj : warning NU1902: Package 'System.Net.Security' 4.3.0 has a known moderate severity vulnerability, https://github.com/advisories/GHSA-j8f4-2w4p-mhjc [/mnt/cea0b7f8-1920-4cdd-acfa-2a7bb8dd8960/programing/StoryBrew-NG/StoryBrew.sln]
/mnt/cea0b7f8-1920-4cdd-acfa-2a7bb8dd8960/programing/StoryBrew-NG/StoryBrew.Game.Tests/StoryBrew.Game.Tests.csproj : warning NU1903: Package 'System.Net.Security' 4.3.0 has a known high severity vulnerability, https://github.com/advisories/GHSA-qhqf-ghgh-x2m4 [/mnt/cea0b7f8-1920-4cdd-acfa-2a7bb8dd8960/programing/StoryBrew-NG/StoryBrew.sln]
  All projects are up-to-date for restore.
/mnt/cea0b7f8-1920-4cdd-acfa-2a7bb8dd8960/programing/StoryBrew-NG/StoryBrew.Desktop/StoryBrew.Desktop.csproj : warning NU1903: Package 'System.Net.Security' 4.3.0 has a known high severity vulnerability, https://github.com/advisories/GHSA-6xh7-4v2w-36q6
/mnt/cea0b7f8-1920-4cdd-acfa-2a7bb8dd8960/programing/StoryBrew-NG/StoryBrew.Desktop/StoryBrew.Desktop.csproj : warning NU1902: Package 'System.Net.Security' 4.3.0 has a known moderate severity vulnerability, https://github.com/advisories/GHSA-ch6p-4jcm-h8vh
/mnt/cea0b7f8-1920-4cdd-acfa-2a7bb8dd8960/programing/StoryBrew-NG/StoryBrew.Desktop/StoryBrew.Desktop.csproj : warning NU1902: Package 'System.Net.Security' 4.3.0 has a known moderate severity vulnerability, https://github.com/advisories/GHSA-j8f4-2w4p-mhjc
/mnt/cea0b7f8-1920-4cdd-acfa-2a7bb8dd8960/programing/StoryBrew-NG/StoryBrew.Desktop/StoryBrew.Desktop.csproj : warning NU1903: Package 'System.Net.Security' 4.3.0 has a known high severity vulnerability, https://github.com/advisories/GHSA-qhqf-ghgh-x2m4
/mnt/cea0b7f8-1920-4cdd-acfa-2a7bb8dd8960/programing/StoryBrew-NG/StoryBrew.Game.Tests/StoryBrew.Game.Tests.csproj : warning NU1903: Package 'System.Net.Security' 4.3.0 has a known high severity vulnerability, https://github.com/advisories/GHSA-6xh7-4v2w-36q6
/mnt/cea0b7f8-1920-4cdd-acfa-2a7bb8dd8960/programing/StoryBrew-NG/StoryBrew.Game.Tests/StoryBrew.Game.Tests.csproj : warning NU1902: Package 'System.Net.Security' 4.3.0 has a known moderate severity vulnerability, https://github.com/advisories/GHSA-ch6p-4jcm-h8vh
/mnt/cea0b7f8-1920-4cdd-acfa-2a7bb8dd8960/programing/StoryBrew-NG/StoryBrew.Game.Tests/StoryBrew.Game.Tests.csproj : warning NU1902: Package 'System.Net.Security' 4.3.0 has a known moderate severity vulnerability, https://github.com/advisories/GHSA-j8f4-2w4p-mhjc
/mnt/cea0b7f8-1920-4cdd-acfa-2a7bb8dd8960/programing/StoryBrew-NG/StoryBrew.Game.Tests/StoryBrew.Game.Tests.csproj : warning NU1903: Package 'System.Net.Security' 4.3.0 has a known high severity vulnerability, https://github.com/advisories/GHSA-qhqf-ghgh-x2m4
/mnt/cea0b7f8-1920-4cdd-acfa-2a7bb8dd8960/programing/StoryBrew-NG/StoryBrew.Game/StoryBrew.Game.csproj : warning NU1903: Package 'System.Net.Security' 4.3.0 has a known high severity vulnerability, https://github.com/advisories/GHSA-6xh7-4v2w-36q6
/mnt/cea0b7f8-1920-4cdd-acfa-2a7bb8dd8960/programing/StoryBrew-NG/StoryBrew.Game/StoryBrew.Game.csproj : warning NU1902: Package 'System.Net.Security' 4.3.0 has a known moderate severity vulnerability, https://github.com/advisories/GHSA-ch6p-4jcm-h8vh
/mnt/cea0b7f8-1920-4cdd-acfa-2a7bb8dd8960/programing/StoryBrew-NG/StoryBrew.Game/StoryBrew.Game.csproj : warning NU1902: Package 'System.Net.Security' 4.3.0 has a known moderate severity vulnerability, https://github.com/advisories/GHSA-j8f4-2w4p-mhjc
/mnt/cea0b7f8-1920-4cdd-acfa-2a7bb8dd8960/programing/StoryBrew-NG/StoryBrew.Game/StoryBrew.Game.csproj : warning NU1903: Package 'System.Net.Security' 4.3.0 has a known high severity vulnerability, https://github.com/advisories/GHSA-qhqf-ghgh-x2m4
  StoryBrew.Resources -> /mnt/cea0b7f8-1920-4cdd-acfa-2a7bb8dd8960/programing/StoryBrew-NG/StoryBrew.Resources/bin/Debug/net8.0/StoryBrew.Resources.dll
  StoryBrew.Common -> /mnt/cea0b7f8-1920-4cdd-acfa-2a7bb8dd8960/programing/StoryBrew-NG/StoryBrew.Common/bin/Debug/net8.0/StoryBrew.Common.dll
  StoryBrew.Game -> /mnt/cea0b7f8-1920-4cdd-acfa-2a7bb8dd8960/programing/StoryBrew-NG/StoryBrew.Game/bin/Debug/net8.0/StoryBrew.Game.dll
  StoryBrew.Desktop -> /mnt/cea0b7f8-1920-4cdd-acfa-2a7bb8dd8960/programing/StoryBrew-NG/StoryBrew.Desktop/bin/Debug/net8.0/StoryBrew.dll
  StoryBrew.Game.Tests -> /mnt/cea0b7f8-1920-4cdd-acfa-2a7bb8dd8960/programing/StoryBrew-NG/StoryBrew.Game.Tests/bin/Debug/net8.0/StoryBrew.Game.Tests.dll
  StoryBrew -> /mnt/cea0b7f8-1920-4cdd-acfa-2a7bb8dd8960/programing/StoryBrew-NG/StoryBrew/bin/Debug/net8.0/StoryBrew.dll
/mnt/cea0b7f8-1920-4cdd-acfa-2a7bb8dd8960/programing/StoryBrew-NG/StoryBrew.Scripts/Tetris.cs(48,28): warning CS8602: Dereference of a possibly null reference. [/mnt/cea0b7f8-1920-4cdd-acfa-2a7bb8dd8960/programing/StoryBrew-NG/StoryBrew.Scripts/StoryBrew.Scripts.csproj]
/mnt/cea0b7f8-1920-4cdd-acfa-2a7bb8dd8960/programing/StoryBrew-NG/StoryBrew.Scripts/Lyrics.cs(111,46): warning CS8602: Dereference of a possibly null reference. [/mnt/cea0b7f8-1920-4cdd-acfa-2a7bb8dd8960/programing/StoryBrew-NG/StoryBrew.Scripts/StoryBrew.Scripts.csproj]
/mnt/cea0b7f8-1920-4cdd-acfa-2a7bb8dd8960/programing/StoryBrew-NG/StoryBrew.Scripts/Lyrics.cs(114,45): warning CS8604: Possible null reference argument for parameter 'path' in 'OsbSprite StoryboardSegment.CreateSprite(string path, OsbOrigin origin, Vector2 initialPosition)'. [/mnt/cea0b7f8-1920-4cdd-acfa-2a7bb8dd8960/programing/StoryBrew-NG/StoryBrew.Scripts/StoryBrew.Scripts.csproj]
/mnt/cea0b7f8-1920-4cdd-acfa-2a7bb8dd8960/programing/StoryBrew-NG/StoryBrew.Scripts/Tetris.cs(189,38): warning CS8625: Cannot convert null literal to non-nullable reference type. [/mnt/cea0b7f8-1920-4cdd-acfa-2a7bb8dd8960/programing/StoryBrew-NG/StoryBrew.Scripts/StoryBrew.Scripts.csproj]
/mnt/cea0b7f8-1920-4cdd-acfa-2a7bb8dd8960/programing/StoryBrew-NG/StoryBrew.Scripts/Tetris.cs(190,38): warning CS8625: Cannot convert null literal to non-nullable reference type. [/mnt/cea0b7f8-1920-4cdd-acfa-2a7bb8dd8960/programing/StoryBrew-NG/StoryBrew.Scripts/StoryBrew.Scripts.csproj]
/mnt/cea0b7f8-1920-4cdd-acfa-2a7bb8dd8960/programing/StoryBrew-NG/StoryBrew.Scripts/Tetris.cs(203,38): warning CS8625: Cannot convert null literal to non-nullable reference type. [/mnt/cea0b7f8-1920-4cdd-acfa-2a7bb8dd8960/programing/StoryBrew-NG/StoryBrew.Scripts/StoryBrew.Scripts.csproj]
/mnt/cea0b7f8-1920-4cdd-acfa-2a7bb8dd8960/programing/StoryBrew-NG/StoryBrew.Scripts/Tetris.cs(206,38): warning CS8625: Cannot convert null literal to non-nullable reference type. [/mnt/cea0b7f8-1920-4cdd-acfa-2a7bb8dd8960/programing/StoryBrew-NG/StoryBrew.Scripts/StoryBrew.Scripts.csproj]
/mnt/cea0b7f8-1920-4cdd-acfa-2a7bb8dd8960/programing/StoryBrew-NG/StoryBrew.Scripts/HitObjectHighlight.cs(38,32): warning CS8602: Dereference of a possibly null reference. [/mnt/cea0b7f8-1920-4cdd-acfa-2a7bb8dd8960/programing/StoryBrew-NG/StoryBrew.Scripts/StoryBrew.Scripts.csproj]
/mnt/cea0b7f8-1920-4cdd-acfa-2a7bb8dd8960/programing/StoryBrew-NG/StoryBrew.Scripts/Tetris.cs(44,21): warning CS8618: Non-nullable field 'cells' must contain a non-null value when exiting constructor. Consider adding the 'required' modifier or declaring the field as nullable. [/mnt/cea0b7f8-1920-4cdd-acfa-2a7bb8dd8960/programing/StoryBrew-NG/StoryBrew.Scripts/StoryBrew.Scripts.csproj]
/mnt/cea0b7f8-1920-4cdd-acfa-2a7bb8dd8960/programing/StoryBrew-NG/StoryBrew.Scripts/Tetris.cs(39,26): warning CS8618: Non-nullable field 'Sprite' must contain a non-null value when exiting constructor. Consider adding the 'required' modifier or declaring the field as nullable. [/mnt/cea0b7f8-1920-4cdd-acfa-2a7bb8dd8960/programing/StoryBrew-NG/StoryBrew.Scripts/StoryBrew.Scripts.csproj]
/mnt/cea0b7f8-1920-4cdd-acfa-2a7bb8dd8960/programing/StoryBrew-NG/StoryBrew.Scripts/Tetris.cs(40,26): warning CS8618: Non-nullable field 'Shadow' must contain a non-null value when exiting constructor. Consider adding the 'required' modifier or declaring the field as nullable. [/mnt/cea0b7f8-1920-4cdd-acfa-2a7bb8dd8960/programing/StoryBrew-NG/StoryBrew.Scripts/StoryBrew.Scripts.csproj]
/mnt/cea0b7f8-1920-4cdd-acfa-2a7bb8dd8960/programing/StoryBrew-NG/StoryBrew.Scripts/Lyrics.cs(134,34): warning CS8602: Dereference of a possibly null reference. [/mnt/cea0b7f8-1920-4cdd-acfa-2a7bb8dd8960/programing/StoryBrew-NG/StoryBrew.Scripts/StoryBrew.Scripts.csproj]
/mnt/cea0b7f8-1920-4cdd-acfa-2a7bb8dd8960/programing/StoryBrew-NG/StoryBrew.Scripts/Lyrics.cs(142,26): warning CS8602: Dereference of a possibly null reference. [/mnt/cea0b7f8-1920-4cdd-acfa-2a7bb8dd8960/programing/StoryBrew-NG/StoryBrew.Scripts/StoryBrew.Scripts.csproj]
/mnt/cea0b7f8-1920-4cdd-acfa-2a7bb8dd8960/programing/StoryBrew-NG/StoryBrew.Scripts/Lyrics.cs(147,57): warning CS8604: Possible null reference argument for parameter 'path' in 'OsbSprite StoryboardSegment.CreateSprite(string path, OsbOrigin origin, Vector2 initialPosition)'. [/mnt/cea0b7f8-1920-4cdd-acfa-2a7bb8dd8960/programing/StoryBrew-NG/StoryBrew.Scripts/StoryBrew.Scripts.csproj]
/mnt/cea0b7f8-1920-4cdd-acfa-2a7bb8dd8960/programing/StoryBrew-NG/StoryBrew.Scripts/Karaoke.cs(119,38): warning CS8602: Dereference of a possibly null reference. [/mnt/cea0b7f8-1920-4cdd-acfa-2a7bb8dd8960/programing/StoryBrew-NG/StoryBrew.Scripts/StoryBrew.Scripts.csproj]
/mnt/cea0b7f8-1920-4cdd-acfa-2a7bb8dd8960/programing/StoryBrew-NG/StoryBrew.Scripts/Karaoke.cs(137,30): warning CS8602: Dereference of a possibly null reference. [/mnt/cea0b7f8-1920-4cdd-acfa-2a7bb8dd8960/programing/StoryBrew-NG/StoryBrew.Scripts/StoryBrew.Scripts.csproj]
/mnt/cea0b7f8-1920-4cdd-acfa-2a7bb8dd8960/programing/StoryBrew-NG/StoryBrew.Scripts/Karaoke.cs(142,61): warning CS8604: Possible null reference argument for parameter 'path' in 'OsbSprite StoryboardSegment.CreateSprite(string path, OsbOrigin origin, Vector2 initialPosition)'. [/mnt/cea0b7f8-1920-4cdd-acfa-2a7bb8dd8960/programing/StoryBrew-NG/StoryBrew.Scripts/StoryBrew.Scripts.csproj]
/mnt/cea0b7f8-1920-4cdd-acfa-2a7bb8dd8960/programing/StoryBrew-NG/StoryBrew.Scripts/Spectrum.cs(52,27): warning CS8602: Dereference of a possibly null reference. [/mnt/cea0b7f8-1920-4cdd-acfa-2a7bb8dd8960/programing/StoryBrew-NG/StoryBrew.Scripts/StoryBrew.Scripts.csproj]
/mnt/cea0b7f8-1920-4cdd-acfa-2a7bb8dd8960/programing/StoryBrew-NG/StoryBrew.Scripts/RadialSpectrum.cs(53,27): warning CS8602: Dereference of a possibly null reference. [/mnt/cea0b7f8-1920-4cdd-acfa-2a7bb8dd8960/programing/StoryBrew-NG/StoryBrew.Scripts/StoryBrew.Scripts.csproj]
/mnt/cea0b7f8-1920-4cdd-acfa-2a7bb8dd8960/programing/StoryBrew-NG/StoryBrew.Scripts/Jigoku.cs(41,29): warning CS8618: Non-nullable field 'bgLayer' must contain a non-null value when exiting constructor. Consider adding the 'required' modifier or declaring the field as nullable. [/mnt/cea0b7f8-1920-4cdd-acfa-2a7bb8dd8960/programing/StoryBrew-NG/StoryBrew.Scripts/StoryBrew.Scripts.csproj]
/mnt/cea0b7f8-1920-4cdd-acfa-2a7bb8dd8960/programing/StoryBrew-NG/StoryBrew.Scripts/Jigoku.cs(42,29): warning CS8618: Non-nullable field 'mainLayer' must contain a non-null value when exiting constructor. Consider adding the 'required' modifier or declaring the field as nullable. [/mnt/cea0b7f8-1920-4cdd-acfa-2a7bb8dd8960/programing/StoryBrew-NG/StoryBrew.Scripts/StoryBrew.Scripts.csproj]
/mnt/cea0b7f8-1920-4cdd-acfa-2a7bb8dd8960/programing/StoryBrew-NG/StoryBrew.Scripts/Jigoku.cs(43,28): warning CS8618: Non-nullable field 'spritePools' must contain a non-null value when exiting constructor. Consider adding the 'required' modifier or declaring the field as nullable. [/mnt/cea0b7f8-1920-4cdd-acfa-2a7bb8dd8960/programing/StoryBrew-NG/StoryBrew.Scripts/StoryBrew.Scripts.csproj]
  StoryBrew.Scripts -> /mnt/cea0b7f8-1920-4cdd-acfa-2a7bb8dd8960/programing/StoryBrew-NG/StoryBrew.Scripts/bin/Debug/net8.0/StoryBrew.Scripts.dll

Build succeeded.

/mnt/cea0b7f8-1920-4cdd-acfa-2a7bb8dd8960/programing/StoryBrew-NG/StoryBrew.Desktop/StoryBrew.Desktop.csproj : warning NU1903: Package 'System.Net.Security' 4.3.0 has a known high severity vulnerability, https://github.com/advisories/GHSA-6xh7-4v2w-36q6 [/mnt/cea0b7f8-1920-4cdd-acfa-2a7bb8dd8960/programing/StoryBrew-NG/StoryBrew.sln]
/mnt/cea0b7f8-1920-4cdd-acfa-2a7bb8dd8960/programing/StoryBrew-NG/StoryBrew.Desktop/StoryBrew.Desktop.csproj : warning NU1902: Package 'System.Net.Security' 4.3.0 has a known moderate severity vulnerability, https://github.com/advisories/GHSA-ch6p-4jcm-h8vh [/mnt/cea0b7f8-1920-4cdd-acfa-2a7bb8dd8960/programing/StoryBrew-NG/StoryBrew.sln]
/mnt/cea0b7f8-1920-4cdd-acfa-2a7bb8dd8960/programing/StoryBrew-NG/StoryBrew.Desktop/StoryBrew.Desktop.csproj : warning NU1902: Package 'System.Net.Security' 4.3.0 has a known moderate severity vulnerability, https://github.com/advisories/GHSA-j8f4-2w4p-mhjc [/mnt/cea0b7f8-1920-4cdd-acfa-2a7bb8dd8960/programing/StoryBrew-NG/StoryBrew.sln]
/mnt/cea0b7f8-1920-4cdd-acfa-2a7bb8dd8960/programing/StoryBrew-NG/StoryBrew.Desktop/StoryBrew.Desktop.csproj : warning NU1903: Package 'System.Net.Security' 4.3.0 has a known high severity vulnerability, https://github.com/advisories/GHSA-qhqf-ghgh-x2m4 [/mnt/cea0b7f8-1920-4cdd-acfa-2a7bb8dd8960/programing/StoryBrew-NG/StoryBrew.sln]
/mnt/cea0b7f8-1920-4cdd-acfa-2a7bb8dd8960/programing/StoryBrew-NG/StoryBrew.Game.Tests/StoryBrew.Game.Tests.csproj : warning NU1903: Package 'System.Net.Security' 4.3.0 has a known high severity vulnerability, https://github.com/advisories/GHSA-6xh7-4v2w-36q6 [/mnt/cea0b7f8-1920-4cdd-acfa-2a7bb8dd8960/programing/StoryBrew-NG/StoryBrew.sln]
/mnt/cea0b7f8-1920-4cdd-acfa-2a7bb8dd8960/programing/StoryBrew-NG/StoryBrew.Game/StoryBrew.Game.csproj : warning NU1903: Package 'System.Net.Security' 4.3.0 has a known high severity vulnerability, https://github.com/advisories/GHSA-6xh7-4v2w-36q6 [/mnt/cea0b7f8-1920-4cdd-acfa-2a7bb8dd8960/programing/StoryBrew-NG/StoryBrew.sln]
/mnt/cea0b7f8-1920-4cdd-acfa-2a7bb8dd8960/programing/StoryBrew-NG/StoryBrew.Game/StoryBrew.Game.csproj : warning NU1902: Package 'System.Net.Security' 4.3.0 has a known moderate severity vulnerability, https://github.com/advisories/GHSA-ch6p-4jcm-h8vh [/mnt/cea0b7f8-1920-4cdd-acfa-2a7bb8dd8960/programing/StoryBrew-NG/StoryBrew.sln]
/mnt/cea0b7f8-1920-4cdd-acfa-2a7bb8dd8960/programing/StoryBrew-NG/StoryBrew.Game/StoryBrew.Game.csproj : warning NU1902: Package 'System.Net.Security' 4.3.0 has a known moderate severity vulnerability, https://github.com/advisories/GHSA-j8f4-2w4p-mhjc [/mnt/cea0b7f8-1920-4cdd-acfa-2a7bb8dd8960/programing/StoryBrew-NG/StoryBrew.sln]
/mnt/cea0b7f8-1920-4cdd-acfa-2a7bb8dd8960/programing/StoryBrew-NG/StoryBrew.Game/StoryBrew.Game.csproj : warning NU1903: Package 'System.Net.Security' 4.3.0 has a known high severity vulnerability, https://github.com/advisories/GHSA-qhqf-ghgh-x2m4 [/mnt/cea0b7f8-1920-4cdd-acfa-2a7bb8dd8960/programing/StoryBrew-NG/StoryBrew.sln]
/mnt/cea0b7f8-1920-4cdd-acfa-2a7bb8dd8960/programing/StoryBrew-NG/StoryBrew.Game.Tests/StoryBrew.Game.Tests.csproj : warning NU1902: Package 'System.Net.Security' 4.3.0 has a known moderate severity vulnerability, https://github.com/advisories/GHSA-ch6p-4jcm-h8vh [/mnt/cea0b7f8-1920-4cdd-acfa-2a7bb8dd8960/programing/StoryBrew-NG/StoryBrew.sln]
/mnt/cea0b7f8-1920-4cdd-acfa-2a7bb8dd8960/programing/StoryBrew-NG/StoryBrew.Game.Tests/StoryBrew.Game.Tests.csproj : warning NU1902: Package 'System.Net.Security' 4.3.0 has a known moderate severity vulnerability, https://github.com/advisories/GHSA-j8f4-2w4p-mhjc [/mnt/cea0b7f8-1920-4cdd-acfa-2a7bb8dd8960/programing/StoryBrew-NG/StoryBrew.sln]
/mnt/cea0b7f8-1920-4cdd-acfa-2a7bb8dd8960/programing/StoryBrew-NG/StoryBrew.Game.Tests/StoryBrew.Game.Tests.csproj : warning NU1903: Package 'System.Net.Security' 4.3.0 has a known high severity vulnerability, https://github.com/advisories/GHSA-qhqf-ghgh-x2m4 [/mnt/cea0b7f8-1920-4cdd-acfa-2a7bb8dd8960/programing/StoryBrew-NG/StoryBrew.sln]
/mnt/cea0b7f8-1920-4cdd-acfa-2a7bb8dd8960/programing/StoryBrew-NG/StoryBrew.Desktop/StoryBrew.Desktop.csproj : warning NU1903: Package 'System.Net.Security' 4.3.0 has a known high severity vulnerability, https://github.com/advisories/GHSA-6xh7-4v2w-36q6
/mnt/cea0b7f8-1920-4cdd-acfa-2a7bb8dd8960/programing/StoryBrew-NG/StoryBrew.Desktop/StoryBrew.Desktop.csproj : warning NU1902: Package 'System.Net.Security' 4.3.0 has a known moderate severity vulnerability, https://github.com/advisories/GHSA-ch6p-4jcm-h8vh
/mnt/cea0b7f8-1920-4cdd-acfa-2a7bb8dd8960/programing/StoryBrew-NG/StoryBrew.Desktop/StoryBrew.Desktop.csproj : warning NU1902: Package 'System.Net.Security' 4.3.0 has a known moderate severity vulnerability, https://github.com/advisories/GHSA-j8f4-2w4p-mhjc
/mnt/cea0b7f8-1920-4cdd-acfa-2a7bb8dd8960/programing/StoryBrew-NG/StoryBrew.Desktop/StoryBrew.Desktop.csproj : warning NU1903: Package 'System.Net.Security' 4.3.0 has a known high severity vulnerability, https://github.com/advisories/GHSA-qhqf-ghgh-x2m4
/mnt/cea0b7f8-1920-4cdd-acfa-2a7bb8dd8960/programing/StoryBrew-NG/StoryBrew.Game.Tests/StoryBrew.Game.Tests.csproj : warning NU1903: Package 'System.Net.Security' 4.3.0 has a known high severity vulnerability, https://github.com/advisories/GHSA-6xh7-4v2w-36q6
/mnt/cea0b7f8-1920-4cdd-acfa-2a7bb8dd8960/programing/StoryBrew-NG/StoryBrew.Game.Tests/StoryBrew.Game.Tests.csproj : warning NU1902: Package 'System.Net.Security' 4.3.0 has a known moderate severity vulnerability, https://github.com/advisories/GHSA-ch6p-4jcm-h8vh
/mnt/cea0b7f8-1920-4cdd-acfa-2a7bb8dd8960/programing/StoryBrew-NG/StoryBrew.Game.Tests/StoryBrew.Game.Tests.csproj : warning NU1902: Package 'System.Net.Security' 4.3.0 has a known moderate severity vulnerability, https://github.com/advisories/GHSA-j8f4-2w4p-mhjc
/mnt/cea0b7f8-1920-4cdd-acfa-2a7bb8dd8960/programing/StoryBrew-NG/StoryBrew.Game.Tests/StoryBrew.Game.Tests.csproj : warning NU1903: Package 'System.Net.Security' 4.3.0 has a known high severity vulnerability, https://github.com/advisories/GHSA-qhqf-ghgh-x2m4
/mnt/cea0b7f8-1920-4cdd-acfa-2a7bb8dd8960/programing/StoryBrew-NG/StoryBrew.Game/StoryBrew.Game.csproj : warning NU1903: Package 'System.Net.Security' 4.3.0 has a known high severity vulnerability, https://github.com/advisories/GHSA-6xh7-4v2w-36q6
/mnt/cea0b7f8-1920-4cdd-acfa-2a7bb8dd8960/programing/StoryBrew-NG/StoryBrew.Game/StoryBrew.Game.csproj : warning NU1902: Package 'System.Net.Security' 4.3.0 has a known moderate severity vulnerability, https://github.com/advisories/GHSA-ch6p-4jcm-h8vh
/mnt/cea0b7f8-1920-4cdd-acfa-2a7bb8dd8960/programing/StoryBrew-NG/StoryBrew.Game/StoryBrew.Game.csproj : warning NU1902: Package 'System.Net.Security' 4.3.0 has a known moderate severity vulnerability, https://github.com/advisories/GHSA-j8f4-2w4p-mhjc
/mnt/cea0b7f8-1920-4cdd-acfa-2a7bb8dd8960/programing/StoryBrew-NG/StoryBrew.Game/StoryBrew.Game.csproj : warning NU1903: Package 'System.Net.Security' 4.3.0 has a known high severity vulnerability, https://github.com/advisories/GHSA-qhqf-ghgh-x2m4
/mnt/cea0b7f8-1920-4cdd-acfa-2a7bb8dd8960/programing/StoryBrew-NG/StoryBrew.Scripts/Tetris.cs(48,28): warning CS8602: Dereference of a possibly null reference. [/mnt/cea0b7f8-1920-4cdd-acfa-2a7bb8dd8960/programing/StoryBrew-NG/StoryBrew.Scripts/StoryBrew.Scripts.csproj]
/mnt/cea0b7f8-1920-4cdd-acfa-2a7bb8dd8960/programing/StoryBrew-NG/StoryBrew.Scripts/Lyrics.cs(111,46): warning CS8602: Dereference of a possibly null reference. [/mnt/cea0b7f8-1920-4cdd-acfa-2a7bb8dd8960/programing/StoryBrew-NG/StoryBrew.Scripts/StoryBrew.Scripts.csproj]
/mnt/cea0b7f8-1920-4cdd-acfa-2a7bb8dd8960/programing/StoryBrew-NG/StoryBrew.Scripts/Lyrics.cs(114,45): warning CS8604: Possible null reference argument for parameter 'path' in 'OsbSprite StoryboardSegment.CreateSprite(string path, OsbOrigin origin, Vector2 initialPosition)'. [/mnt/cea0b7f8-1920-4cdd-acfa-2a7bb8dd8960/programing/StoryBrew-NG/StoryBrew.Scripts/StoryBrew.Scripts.csproj]
/mnt/cea0b7f8-1920-4cdd-acfa-2a7bb8dd8960/programing/StoryBrew-NG/StoryBrew.Scripts/Tetris.cs(189,38): warning CS8625: Cannot convert null literal to non-nullable reference type. [/mnt/cea0b7f8-1920-4cdd-acfa-2a7bb8dd8960/programing/StoryBrew-NG/StoryBrew.Scripts/StoryBrew.Scripts.csproj]
/mnt/cea0b7f8-1920-4cdd-acfa-2a7bb8dd8960/programing/StoryBrew-NG/StoryBrew.Scripts/Tetris.cs(190,38): warning CS8625: Cannot convert null literal to non-nullable reference type. [/mnt/cea0b7f8-1920-4cdd-acfa-2a7bb8dd8960/programing/StoryBrew-NG/StoryBrew.Scripts/StoryBrew.Scripts.csproj]
/mnt/cea0b7f8-1920-4cdd-acfa-2a7bb8dd8960/programing/StoryBrew-NG/StoryBrew.Scripts/Tetris.cs(203,38): warning CS8625: Cannot convert null literal to non-nullable reference type. [/mnt/cea0b7f8-1920-4cdd-acfa-2a7bb8dd8960/programing/StoryBrew-NG/StoryBrew.Scripts/StoryBrew.Scripts.csproj]
/mnt/cea0b7f8-1920-4cdd-acfa-2a7bb8dd8960/programing/StoryBrew-NG/StoryBrew.Scripts/Tetris.cs(206,38): warning CS8625: Cannot convert null literal to non-nullable reference type. [/mnt/cea0b7f8-1920-4cdd-acfa-2a7bb8dd8960/programing/StoryBrew-NG/StoryBrew.Scripts/StoryBrew.Scripts.csproj]
/mnt/cea0b7f8-1920-4cdd-acfa-2a7bb8dd8960/programing/StoryBrew-NG/StoryBrew.Scripts/HitObjectHighlight.cs(38,32): warning CS8602: Dereference of a possibly null reference. [/mnt/cea0b7f8-1920-4cdd-acfa-2a7bb8dd8960/programing/StoryBrew-NG/StoryBrew.Scripts/StoryBrew.Scripts.csproj]
/mnt/cea0b7f8-1920-4cdd-acfa-2a7bb8dd8960/programing/StoryBrew-NG/StoryBrew.Scripts/Tetris.cs(44,21): warning CS8618: Non-nullable field 'cells' must contain a non-null value when exiting constructor. Consider adding the 'required' modifier or declaring the field as nullable. [/mnt/cea0b7f8-1920-4cdd-acfa-2a7bb8dd8960/programing/StoryBrew-NG/StoryBrew.Scripts/StoryBrew.Scripts.csproj]
/mnt/cea0b7f8-1920-4cdd-acfa-2a7bb8dd8960/programing/StoryBrew-NG/StoryBrew.Scripts/Tetris.cs(39,26): warning CS8618: Non-nullable field 'Sprite' must contain a non-null value when exiting constructor. Consider adding the 'required' modifier or declaring the field as nullable. [/mnt/cea0b7f8-1920-4cdd-acfa-2a7bb8dd8960/programing/StoryBrew-NG/StoryBrew.Scripts/StoryBrew.Scripts.csproj]
/mnt/cea0b7f8-1920-4cdd-acfa-2a7bb8dd8960/programing/StoryBrew-NG/StoryBrew.Scripts/Tetris.cs(40,26): warning CS8618: Non-nullable field 'Shadow' must contain a non-null value when exiting constructor. Consider adding the 'required' modifier or declaring the field as nullable. [/mnt/cea0b7f8-1920-4cdd-acfa-2a7bb8dd8960/programing/StoryBrew-NG/StoryBrew.Scripts/StoryBrew.Scripts.csproj]
/mnt/cea0b7f8-1920-4cdd-acfa-2a7bb8dd8960/programing/StoryBrew-NG/StoryBrew.Scripts/Lyrics.cs(134,34): warning CS8602: Dereference of a possibly null reference. [/mnt/cea0b7f8-1920-4cdd-acfa-2a7bb8dd8960/programing/StoryBrew-NG/StoryBrew.Scripts/StoryBrew.Scripts.csproj]
/mnt/cea0b7f8-1920-4cdd-acfa-2a7bb8dd8960/programing/StoryBrew-NG/StoryBrew.Scripts/Lyrics.cs(142,26): warning CS8602: Dereference of a possibly null reference. [/mnt/cea0b7f8-1920-4cdd-acfa-2a7bb8dd8960/programing/StoryBrew-NG/StoryBrew.Scripts/StoryBrew.Scripts.csproj]
/mnt/cea0b7f8-1920-4cdd-acfa-2a7bb8dd8960/programing/StoryBrew-NG/StoryBrew.Scripts/Lyrics.cs(147,57): warning CS8604: Possible null reference argument for parameter 'path' in 'OsbSprite StoryboardSegment.CreateSprite(string path, OsbOrigin origin, Vector2 initialPosition)'. [/mnt/cea0b7f8-1920-4cdd-acfa-2a7bb8dd8960/programing/StoryBrew-NG/StoryBrew.Scripts/StoryBrew.Scripts.csproj]
/mnt/cea0b7f8-1920-4cdd-acfa-2a7bb8dd8960/programing/StoryBrew-NG/StoryBrew.Scripts/Karaoke.cs(119,38): warning CS8602: Dereference of a possibly null reference. [/mnt/cea0b7f8-1920-4cdd-acfa-2a7bb8dd8960/programing/StoryBrew-NG/StoryBrew.Scripts/StoryBrew.Scripts.csproj]
/mnt/cea0b7f8-1920-4cdd-acfa-2a7bb8dd8960/programing/StoryBrew-NG/StoryBrew.Scripts/Karaoke.cs(137,30): warning CS8602: Dereference of a possibly null reference. [/mnt/cea0b7f8-1920-4cdd-acfa-2a7bb8dd8960/programing/StoryBrew-NG/StoryBrew.Scripts/StoryBrew.Scripts.csproj]
/mnt/cea0b7f8-1920-4cdd-acfa-2a7bb8dd8960/programing/StoryBrew-NG/StoryBrew.Scripts/Karaoke.cs(142,61): warning CS8604: Possible null reference argument for parameter 'path' in 'OsbSprite StoryboardSegment.CreateSprite(string path, OsbOrigin origin, Vector2 initialPosition)'. [/mnt/cea0b7f8-1920-4cdd-acfa-2a7bb8dd8960/programing/StoryBrew-NG/StoryBrew.Scripts/StoryBrew.Scripts.csproj]
/mnt/cea0b7f8-1920-4cdd-acfa-2a7bb8dd8960/programing/StoryBrew-NG/StoryBrew.Scripts/Spectrum.cs(52,27): warning CS8602: Dereference of a possibly null reference. [/mnt/cea0b7f8-1920-4cdd-acfa-2a7bb8dd8960/programing/StoryBrew-NG/StoryBrew.Scripts/StoryBrew.Scripts.csproj]
/mnt/cea0b7f8-1920-4cdd-acfa-2a7bb8dd8960/programing/StoryBrew-NG/StoryBrew.Scripts/RadialSpectrum.cs(53,27): warning CS8602: Dereference of a possibly null reference. [/mnt/cea0b7f8-1920-4cdd-acfa-2a7bb8dd8960/programing/StoryBrew-NG/StoryBrew.Scripts/StoryBrew.Scripts.csproj]
/mnt/cea0b7f8-1920-4cdd-acfa-2a7bb8dd8960/programing/StoryBrew-NG/StoryBrew.Scripts/Jigoku.cs(41,29): warning CS8618: Non-nullable field 'bgLayer' must contain a non-null value when exiting constructor. Consider adding the 'required' modifier or declaring the field as nullable. [/mnt/cea0b7f8-1920-4cdd-acfa-2a7bb8dd8960/programing/StoryBrew-NG/StoryBrew.Scripts/StoryBrew.Scripts.csproj]
/mnt/cea0b7f8-1920-4cdd-acfa-2a7bb8dd8960/programing/StoryBrew-NG/StoryBrew.Scripts/Jigoku.cs(42,29): warning CS8618: Non-nullable field 'mainLayer' must contain a non-null value when exiting constructor. Consider adding the 'required' modifier or declaring the field as nullable. [/mnt/cea0b7f8-1920-4cdd-acfa-2a7bb8dd8960/programing/StoryBrew-NG/StoryBrew.Scripts/StoryBrew.Scripts.csproj]
/mnt/cea0b7f8-1920-4cdd-acfa-2a7bb8dd8960/programing/StoryBrew-NG/StoryBrew.Scripts/Jigoku.cs(43,28): warning CS8618: Non-nullable field 'spritePools' must contain a non-null value when exiting constructor. Consider adding the 'required' modifier or declaring the field as nullable. [/mnt/cea0b7f8-1920-4cdd-acfa-2a7bb8dd8960/programing/StoryBrew-NG/StoryBrew.Scripts/StoryBrew.Scripts.csproj]
    46 Warning(s)
    0 Error(s)

Time Elapsed 00:00:07.63
